<?xml version="1.0" encoding="UTF-8"?>
<testng-results ignored="0" total="1" passed="1" failed="0" skipped="0">
  <reporter-output>
  </reporter-output>
  <suite started-at="2020-10-14T21:22:27 EDT" name="helloWorld.TestHelloWorld" finished-at="2020-10-14T21:22:27 EDT" duration-ms="31">
    <groups>
    </groups>
    <test started-at="2020-10-14T21:22:27 EDT" name="Command line test" finished-at="2020-10-14T21:22:27 EDT" duration-ms="31">
      <class name="helloWorld.TestHelloWorld">
        <test-method signature="testHelloWorld()[pri:0, instance:helloWorld.TestHelloWorld@460d0a57]" started-at="2020-10-14T21:22:27 EDT" name="testHelloWorld" finished-at="2020-10-14T21:22:27 EDT" duration-ms="3" status="PASS">
          <reporter-output>
          </reporter-output>
        </test-method> <!-- testHelloWorld -->
      </class> <!-- helloWorld.TestHelloWorld -->
    </test> <!-- Command line test -->
  </suite> <!-- helloWorld.TestHelloWorld -->
</testng-results>
